\BOOKMARK [1][-]{section.1}{Non-Religious Quotes}{}% 1
\BOOKMARK [2][-]{subsubsection.1.0.1}{Prepared Mind}{section.1}% 2
\BOOKMARK [0][-]{part.1}{I Metaphors and Analogies}{}% 3
\BOOKMARK [1][-]{subsubsection.1.0.2}{The Death Circle March}{part.1}% 4
\BOOKMARK [2][-]{subsubsection.1.0.3}{Wear on Self-Worth}{subsubsection.1.0.2}% 5
\BOOKMARK [0][-]{part.2}{II Book of Mormon}{}% 6
\BOOKMARK [1][-]{section.2}{Helaman}{part.2}% 7
\BOOKMARK [2][-]{subsubsection.2.0.1}{Democracy}{section.2}% 8
\BOOKMARK [2][-]{subsection.2.1}{CH 7-8 Nephi's Prayer of Lamantation}{section.2}% 9
\BOOKMARK [3][-]{subsubsection.2.1.1}{Remember Him}{subsection.2.1}% 10
\BOOKMARK [3][-]{subsubsection.2.1.2}{False Security}{subsection.2.1}% 11
\BOOKMARK [0][-]{part.3}{III The Old Testament}{}% 12
\BOOKMARK [1][-]{section.3}{Proverbs}{part.3}% 13
\BOOKMARK [2][-]{subsubsection.3.0.1}{Attitude of the Scorner}{section.3}% 14
\BOOKMARK [0][-]{part.4}{IV New Testament}{}% 15
\BOOKMARK [1][-]{section.4}{Matthew}{part.4}% 16
\BOOKMARK [2][-]{subsubsection.4.0.1}{Faith is More than Calling on God at the Last Day}{section.4}% 17
\BOOKMARK [0][-]{part.5}{V Mission Brazil, Londrina 2011-2013}{}% 18
\BOOKMARK [1][-]{section.5}{Companions}{part.5}% 19
\BOOKMARK [2][-]{subsubsection.5.0.1}{Life Long Learner}{section.5}% 20
\BOOKMARK [3][-]{subsubsection.5.0.2}{Rough Transfer}{subsubsection.5.0.1}% 21
\BOOKMARK [3][-]{subsubsection.5.0.3}{Influencial Speaker}{subsubsection.5.0.1}% 22
\BOOKMARK [3][-]{subsubsection.5.0.4}{The Patient Teacher}{subsubsection.5.0.1}% 23
\BOOKMARK [3][-]{subsubsection.5.0.5}{Three Transfers of Glory}{subsubsection.5.0.1}% 24
\BOOKMARK [3][-]{subsubsection.5.0.6}{My Chilean Friend}{subsubsection.5.0.1}% 25
\BOOKMARK [3][-]{subsubsection.5.0.7}{The Light}{subsubsection.5.0.1}% 26
\BOOKMARK [3][-]{subsubsection.5.0.8}{Support from my Side}{subsubsection.5.0.1}% 27
\BOOKMARK [3][-]{subsubsection.5.0.9}{Baptism by Fire}{subsubsection.5.0.1}% 28
\BOOKMARK [3][-]{subsubsection.5.0.10}{Sick at Work}{subsubsection.5.0.1}% 29
\BOOKMARK [3][-]{subsubsection.5.0.11}{Funny Argentino}{subsubsection.5.0.1}% 30
\BOOKMARK [3][-]{subsubsection.5.0.12}{Last Transfer in Londrina}{subsubsection.5.0.1}% 31
\BOOKMARK [3][-]{subsubsection.5.0.13}{One Last Mountain}{subsubsection.5.0.1}% 32
\BOOKMARK [1][-]{section.6}{Other Experiences}{part.5}% 33
